[debug] [2025-07-11T02:16:51.030Z] ----------------------------------------------------------------------
[debug] [2025-07-11T02:16:51.033Z] Command:       /usr/local/bin/firebase /Users/MacBookPro/.cache/firebase/tools/lib/node_modules/firebase-tools/lib/bin/firebase init hosting
[debug] [2025-07-11T02:16:51.033Z] CLI Version:   13.29.3
[debug] [2025-07-11T02:16:51.033Z] Platform:      darwin
[debug] [2025-07-11T02:16:51.034Z] Node Version:  v18.5.0
[debug] [2025-07-11T02:16:51.035Z] Time:          Fri Jul 11 2025 02:16:51 GMT+0000 (Greenwich Mean Time)
[debug] [2025-07-11T02:16:51.036Z] ----------------------------------------------------------------------
[debug] 
[debug] [2025-07-11T02:16:51.411Z] > command requires scopes: ["email","openid","https://www.googleapis.com/auth/cloudplatformprojects.readonly","https://www.googleapis.com/auth/firebase","https://www.googleapis.com/auth/cloud-platform"]
[debug] [2025-07-11T02:16:51.412Z] > authorizing via signed-in user (jaybuck403@gmail.com)
[info] 
     ######## #### ########  ######## ########     ###     ######  ########
     ##        ##  ##     ## ##       ##     ##  ##   ##  ##       ##
     ######    ##  ########  ######   ########  #########  ######  ######
     ##        ##  ##    ##  ##       ##     ## ##     ##       ## ##
     ##       #### ##     ## ######## ########  ##     ##  ######  ########

You're about to initialize a Firebase project in this directory:

  /Users/MacBookPro/Projects/dwello

Before we get started, keep in mind:

  * You are initializing within an existing Firebase project directory

[info] 
=== Project Setup
[info] 
[info] First, let's associate this project directory with a Firebase project.
[info] You can create multiple project aliases by running firebase use --add, 
[info] but for now we'll just set up a default project.
[info] 
[debug] [2025-07-11T02:16:51.419Z] Using project from CLI flag: dwello-homes
[debug] [2025-07-11T02:16:51.422Z] Checked if tokens are valid: true, expires at: 1752202219331
[debug] [2025-07-11T02:16:51.423Z] Checked if tokens are valid: true, expires at: 1752202219331
[debug] [2025-07-11T02:16:51.426Z] >>> [apiv2][query] GET https://firebase.googleapis.com/v1beta1/projects/dwello-homes [none]
[debug] [2025-07-11T02:16:52.281Z] <<< [apiv2][status] GET https://firebase.googleapis.com/v1beta1/projects/dwello-homes 200
[debug] [2025-07-11T02:16:52.282Z] <<< [apiv2][body] GET https://firebase.googleapis.com/v1beta1/projects/dwello-homes {"projectId":"dwello-homes","projectNumber":"104644854911","displayName":"dwello","name":"projects/dwello-homes","resources":{"hostingSite":"dwello-homes"},"state":"ACTIVE","etag":"1_2b18a9d8-ac73-40a0-be0e-ad9457ab0f73"}
[info] i  Using project dwello-homes (dwello) 
[info] 
=== Hosting Setup
[debug] [2025-07-11T02:16:52.364Z] Checked if tokens are valid: true, expires at: 1752202219331
[debug] [2025-07-11T02:16:52.364Z] Checked if tokens are valid: true, expires at: 1752202219331
[debug] [2025-07-11T02:16:52.364Z] >>> [apiv2][query] GET https://firebase.googleapis.com/v1beta1/projects/dwello-homes [none]
[debug] [2025-07-11T02:16:53.073Z] <<< [apiv2][status] GET https://firebase.googleapis.com/v1beta1/projects/dwello-homes 200
[debug] [2025-07-11T02:16:53.073Z] <<< [apiv2][body] GET https://firebase.googleapis.com/v1beta1/projects/dwello-homes {"projectId":"dwello-homes","projectNumber":"104644854911","displayName":"dwello","name":"projects/dwello-homes","resources":{"hostingSite":"dwello-homes"},"state":"ACTIVE","etag":"1_2b18a9d8-ac73-40a0-be0e-ad9457ab0f73"}
[debug] [2025-07-11T02:17:56.515Z] SyntaxError: Unexpected end of JSON input
    at JSON.parse (<anonymous>)
    at findDependency (/Users/MacBookPro/.cache/firebase/tools/lib/node_modules/firebase-tools/lib/frameworks/utils.js:188:23)
    at getAstroVersion (/Users/MacBookPro/.cache/firebase/tools/lib/node_modules/firebase-tools/lib/frameworks/astro/utils.js:39:45)
    at discover (/Users/MacBookPro/.cache/firebase/tools/lib/node_modules/firebase-tools/lib/frameworks/astro/index.js:17:49)
    at discover (/Users/MacBookPro/.cache/firebase/tools/lib/node_modules/firebase-tools/lib/frameworks/index.js:47:38)
    at async doSetup (/Users/MacBookPro/.cache/firebase/tools/lib/node_modules/firebase-tools/lib/init/features/hosting/index.js:88:31)
    at async init (/Users/MacBookPro/.cache/firebase/tools/lib/node_modules/firebase-tools/lib/init/index.js:41:9)
[error] 
[error] Error: An unexpected error has occurred.
